<?xml version="1.0" encoding="UTF-8"?>
<!-- Generated by org.testng.reporters.JUnitReportReporter -->
<testsuite hostname="DESKTOP-EVK9GMC" failures="0" tests="1" name="com.Skillrary.testscripts.ViewAllcources" time="36.187" errors="0" timestamp="2021-01-13T09:08:26 IST" skipped="0">
  <testcase classname="com.Skillrary.testscripts.ViewAllcources" name="viewallcources" time="36.187"/>
</testsuite> <!-- com.Skillrary.testscripts.ViewAllcources -->
